<?xml version="1.0" encoding="UTF-8"?>
<testsuite name="com.example.bot.BotTests" tests="1" skipped="0" failures="0" errors="0" timestamp="2023-12-03T07:31:58" hostname="VoidShellui-MacBookPro.local" time="0.041">
  <properties/>
  <testcase name="test()" classname="com.example.bot.BotTests" time="0.041"/>
  <system-out><![CDATA[]]></system-out>
  <system-err><![CDATA[]]></system-err>
</testsuite>
